# JRE version: OpenJDK Runtime Environment (8.0_152-b01) (build 1.8.0_152-release-1024-b01)
# Java VM: OpenJDK 64-Bit Server VM (25.152-b01 mixed mode linux-amd64 compressed oops)
Heap:
 PSYoungGen      total 189952K, used 6481K [0x00000000e0000000, 0x00000000ec500000, 0x0000000100000000)
  eden space 178176K, 0% used [0x00000000e0000000,0x00000000e0000000,0x00000000eae00000)
  from space 11776K, 55% used [0x00000000eae00000,0x00000000eb4545a0,0x00000000eb980000)
  to   space 9728K, 0% used [0x00000000ebb80000,0x00000000ebb80000,0x00000000ec500000)
 ParOldGen       total 85504K, used 58786K [0x00000000a0000000, 0x00000000a5380000, 0x00000000e0000000)
  object space 85504K, 68% used [0x00000000a0000000,0x00000000a3968b50,0x00000000a5380000)
 Metaspace       used 84945K, capacity 90350K, committed 90456K, reserved 1128448K
  class space    used 10633K, capacity 11548K, committed 11648K, reserved 1048576K
GC Heap History (10 events):
Event: 5922.373 GC heap after
Heap after GC invocations=39 (full 3):
 PSYoungGen      total 133120K, used 7912K [0x00000000e0000000, 0x00000000ea180000, 0x0000000100000000)
  eden space 121344K, 0% used [0x00000000e0000000,0x00000000e0000000,0x00000000e7680000)
  from space 11776K, 67% used [0x00000000e8200000,0x00000000e89ba2c0,0x00000000e8d80000)
  to   space 11776K, 0% used [0x00000000e7680000,0x00000000e7680000,0x00000000e8200000)
 ParOldGen       total 85504K, used 58178K [0x00000000a0000000, 0x00000000a5380000, 0x00000000e0000000)
  object space 85504K, 68% used [0x00000000a0000000,0x00000000a38d0b50,0x00000000a5380000)
 Metaspace       used 84798K, capacity 90134K, committed 90456K, reserved 1128448K
  class space    used 10632K, capacity 11548K, committed 11648K, reserved 1048576K
}
Event: 5922.407 GC heap before
{Heap before GC invocations=40 (full 3):
 PSYoungGen      total 133120K, used 129063K [0x00000000e0000000, 0x00000000ea180000, 0x0000000100000000)
  eden space 121344K, 99% used [0x00000000e0000000,0x00000000e764fc40,0x00000000e7680000)
  from space 11776K, 67% used [0x00000000e8200000,0x00000000e89ba2c0,0x00000000e8d80000)
  to   space 11776K, 0% used [0x00000000e7680000,0x00000000e7680000,0x00000000e8200000)
 ParOldGen       total 85504K, used 58178K [0x00000000a0000000, 0x00000000a5380000, 0x00000000e0000000)
  object space 85504K, 68% used [0x00000000a0000000,0x00000000a38d0b50,0x00000000a5380000)
 Metaspace       used 84800K, capacity 90134K, committed 90456K, reserved 1128448K
  class space    used 10632K, capacity 11548K, committed 11648K, reserved 1048576K
Event: 5922.429 GC heap after
Heap after GC invocations=40 (full 3):
 PSYoungGen      total 133120K, used 6769K [0x00000000e0000000, 0x00000000ea780000, 0x0000000100000000)
  eden space 121344K, 0% used [0x00000000e0000000,0x00000000e0000000,0x00000000e7680000)
  from space 11776K, 57% used [0x00000000e7680000,0x00000000e7d1c600,0x00000000e8200000)
  to   space 11264K, 0% used [0x00000000e9c80000,0x00000000e9c80000,0x00000000ea780000)
 ParOldGen       total 85504K, used 58594K [0x00000000a0000000, 0x00000000a5380000, 0x00000000e0000000)
  object space 85504K, 68% used [0x00000000a0000000,0x00000000a3938b50,0x00000000a5380000)
 Metaspace       used 84800K, capacity 90134K, committed 90456K, reserved 1128448K
  class space    used 10632K, capacity 11548K, committed 11648K, reserved 1048576K
}
Event: 5990.194 GC heap before
{Heap before GC invocations=41 (full 3):
 PSYoungGen      total 133120K, used 128113K [0x00000000e0000000, 0x00000000ea780000, 0x0000000100000000)
  eden space 121344K, 100% used [0x00000000e0000000,0x00000000e7680000,0x00000000e7680000)
  from space 11776K, 57% used [0x00000000e7680000,0x00000000e7d1c600,0x00000000e8200000)
  to   space 11264K, 0% used [0x00000000e9c80000,0x00000000e9c80000,0x00000000ea780000)
 ParOldGen       total 85504K, used 58594K [0x00000000a0000000, 0x00000000a5380000, 0x00000000e0000000)
  object space 85504K, 68% used [0x00000000a0000000,0x00000000a3938b50,0x00000000a5380000)
 Metaspace       used 84840K, capacity 90262K, committed 90456K, reserved 1128448K
  class space    used 10632K, capacity 11548K, committed 11648K, reserved 1048576K
Event: 5990.258 GC heap after
Heap after GC invocations=41 (full 3):
 PSYoungGen      total 159744K, used 2087K [0x00000000e0000000, 0x00000000ea800000, 0x0000000100000000)
  eden space 148480K, 0% used [0x00000000e0000000,0x00000000e0000000,0x00000000e9100000)
  from space 11264K, 18% used [0x00000000e9c80000,0x00000000e9e89d50,0x00000000ea780000)
  to   space 11776K, 0% used [0x00000000e9100000,0x00000000e9100000,0x00000000e9c80000)
 ParOldGen       total 85504K, used 58650K [0x00000000a0000000, 0x00000000a5380000, 0x00000000e0000000)
  object space 85504K, 68% used [0x00000000a0000000,0x00000000a3946b50,0x00000000a5380000)
 Metaspace       used 84840K, capacity 90262K, committed 90456K, reserved 1128448K
  class space    used 10632K, capacity 11548K, committed 11648K, reserved 1048576K
}
Event: 5995.772 GC heap before
{Heap before GC invocations=42 (full 3):
 PSYoungGen      total 159744K, used 150567K [0x00000000e0000000, 0x00000000ea800000, 0x0000000100000000)
  eden space 148480K, 100% used [0x00000000e0000000,0x00000000e9100000,0x00000000e9100000)
  from space 11264K, 18% used [0x00000000e9c80000,0x00000000e9e89d50,0x00000000ea780000)
  to   space 11776K, 0% used [0x00000000e9100000,0x00000000e9100000,0x00000000e9c80000)
 ParOldGen       total 85504K, used 58650K [0x00000000a0000000, 0x00000000a5380000, 0x00000000e0000000)
  object space 85504K, 68% used [0x00000000a0000000,0x00000000a3946b50,0x00000000a5380000)
 Metaspace       used 84909K, capacity 90266K, committed 90456K, reserved 1128448K
  class space    used 10633K, capacity 11548K, committed 11648K, reserved 1048576K
Event: 5995.803 GC heap after
Heap after GC invocations=42 (full 3):
 PSYoungGen      total 160256K, used 8816K [0x00000000e0000000, 0x00000000ec780000, 0x0000000100000000)
  eden space 148480K, 0% used [0x00000000e0000000,0x00000000e0000000,0x00000000e9100000)
  from space 11776K, 74% used [0x00000000e9100000,0x00000000e999c060,0x00000000e9c80000)
  to   space 12288K, 0% used [0x00000000ebb80000,0x00000000ebb80000,0x00000000ec780000)
 ParOldGen       total 85504K, used 58714K [0x00000000a0000000, 0x00000000a5380000, 0x00000000e0000000)
  object space 85504K, 68% used [0x00000000a0000000,0x00000000a3956b50,0x00000000a5380000)
 Metaspace       used 84909K, capacity 90266K, committed 90456K, reserved 1128448K
  class space    used 10633K, capacity 11548K, committed 11648K, reserved 1048576K
}
Event: 5997.962 GC heap before
{Heap before GC invocations=43 (full 3):
 PSYoungGen      total 160256K, used 156425K [0x00000000e0000000, 0x00000000ec780000, 0x0000000100000000)
  eden space 148480K, 99% used [0x00000000e0000000,0x00000000e9026758,0x00000000e9100000)
  from space 11776K, 74% used [0x00000000e9100000,0x00000000e999c060,0x00000000e9c80000)
  to   space 12288K, 0% used [0x00000000ebb80000,0x00000000ebb80000,0x00000000ec780000)
 ParOldGen       total 85504K, used 58714K [0x00000000a0000000, 0x00000000a5380000, 0x00000000e0000000)
  object space 85504K, 68% used [0x00000000a0000000,0x00000000a3956b50,0x00000000a5380000)
 Metaspace       used 84945K, capacity 90350K, committed 90456K, reserved 1128448K
  class space    used 10633K, capacity 11548K, committed 11648K, reserved 1048576K
Event: 5997.974 GC heap after
Heap after GC invocations=43 (full 3):
 PSYoungGen      total 187904K, used 6909K [0x00000000e0000000, 0x00000000ec500000, 0x0000000100000000)
  eden space 178176K, 0% used [0x00000000e0000000,0x00000000e0000000,0x00000000eae00000)
  from space 9728K, 71% used [0x00000000ebb80000,0x00000000ec23f6f0,0x00000000ec500000)
  to   space 11776K, 0% used [0x00000000eae00000,0x00000000eae00000,0x00000000eb980000)
 ParOldGen       total 85504K, used 58746K [0x00000000a0000000, 0x00000000a5380000, 0x00000000e0000000)
  object space 85504K, 68% used [0x00000000a0000000,0x00000000a395eb50,0x00000000a5380000)
 Metaspace       used 84945K, capacity 90350K, committed 90456K, reserved 1128448K
  class space    used 10633K, capacity 11548K, committed 11648K, reserved 1048576K
}
Event: 5998.009 GC heap before
{Heap before GC invocations=44 (full 3):
 PSYoungGen      total 187904K, used 184727K [0x00000000e0000000, 0x00000000ec500000, 0x0000000100000000)
  eden space 178176K, 99% used [0x00000000e0000000,0x00000000eada6858,0x00000000eae00000)
  from space 9728K, 71% used [0x00000000ebb80000,0x00000000ec23f6f0,0x00000000ec500000)
  to   space 11776K, 0% used [0x00000000eae00000,0x00000000eae00000,0x00000000eb980000)
 ParOldGen       total 85504K, used 58746K [0x00000000a0000000, 0x00000000a5380000, 0x00000000e0000000)
  object space 85504K, 68% used [0x00000000a0000000,0x00000000a395eb50,0x00000000a5380000)
 Metaspace       used 84945K, capacity 90350K, committed 90456K, reserved 1128448K
  class space    used 10633K, capacity 11548K, committed 11648K, reserved 1048576K

